<?xml version="1.0" encoding="utf-8"?><testsuites name="pytest tests"><testsuite name="pytest" errors="0" failures="0" skipped="0" tests="31" time="0.442" timestamp="2025-06-26T18:43:01.287410+01:00" hostname="yogax1"><testcase classname="tests.integration.test_config_integration.TestConfigIntegration" name="test_config_file_loading" time="0.030" /><testcase classname="tests.integration.test_config_integration.TestConfigIntegration" name="test_environment_variable_override" time="0.005" /><testcase classname="tests.integration.test_config_integration.TestConfigIntegration" name="test_config_path_discovery" time="0.001" /><testcase classname="tests.integration.test_config_integration.TestConfigIntegration" name="test_full_config_workflow" time="0.005" /><testcase classname="tests.unit.test_aws_client.TestAWSClient" name="test_aws_client_initialization" time="0.003" /><testcase classname="tests.unit.test_aws_client.TestAWSClient" name="test_ec2_client_creation" time="0.001" /><testcase classname="tests.unit.test_aws_client.TestAWSClient" name="test_describe_spot_instance_requests" time="0.002" /><testcase classname="tests.unit.test_aws_client.TestAWSClient" name="test_get_current_user" time="0.002" /><testcase classname="tests.unit.test_aws_client.TestAWSClient" name="test_get_gpu_instance_quota" time="0.002" /><testcase classname="tests.unit.test_aws_client.TestAWSClient" name="test_get_spot_price" time="0.002" /><testcase classname="tests.unit.test_aws_client.TestAWSClient" name="test_error_handling" time="0.002" /><testcase classname="tests.unit.test_aws_client.TestAWSClient" name="test_aws_client_with_profile" time="0.001" /><testcase classname="tests.unit.test_aws_client.TestAWSClient" name="test_aws_client_with_region" time="0.002" /><testcase classname="tests.unit.test_aws_client.TestAWSClient" name="test_get_ec2_client" time="0.003" /><testcase classname="tests.unit.test_aws_client.TestAWSClient" name="test_get_pricing_client" time="0.003" /><testcase classname="tests.unit.test_aws_client.TestAWSClient" name="test_get_service_quotas_client" time="0.003" /><testcase classname="tests.unit.test_cli.TestCLI" name="test_cli_help" time="0.097" /><testcase classname="tests.unit.test_cli.TestCLI" name="test_cli_version" time="0.002" /><testcase classname="tests.unit.test_cli.TestCLI" name="test_cli_with_debug_flag" time="0.003" /><testcase classname="tests.unit.test_cli.TestCLI" name="test_cli_with_profile_option" time="0.003" /><testcase classname="tests.unit.test_cli.TestCLI" name="test_cli_with_region_option" time="0.002" /><testcase classname="tests.unit.test_cost_calculator.TestCostCalculator" name="test_calculate_spot_price" time="0.002" /><testcase classname="tests.unit.test_cost_calculator.TestCostCalculator" name="test_budget_tracking" time="0.001" /><testcase classname="tests.unit.test_cost_calculator.TestCostCalculator" name="test_budget_alerts" time="0.001" /><testcase classname="tests.unit.test_cost_calculator.TestCostCalculator" name="test_cost_calculator_initialization" time="0.001" /><testcase classname="tests.unit.test_cost_calculator.TestCostCalculator" name="test_pricing_api_integration" time="0.001" /><testcase classname="tests.unit.test_cost_calculator.TestCostCalculator" name="test_estimate_spot_request_cost" time="0.001" /><testcase classname="tests.unit.test_cost_calculator.TestCostCalculator" name="test_get_instance_spend_and_all_instance_spend" time="0.001" /><testcase classname="tests.unit.test_cost_calculator.TestCostCalculator" name="test_enforce_instance_budgets" time="0.001" /><testcase classname="tests.unit.test_cost_calculator.TestCostCalculator" name="test_estimate_spot_request_total_cost" time="0.001" /><testcase classname="tests.unit.test_cost_calculator.TestCostCalculator" name="test_check_budget_alerts" time="0.001" /></testsuite></testsuites>